<?xml version="1.0" encoding="UTF-8"?>
<!-- Generated by org.testng.reporters.JUnitReportReporter -->
<testsuite hostname="LAPTOP-1BCVFIQT" failures="0" tests="3" name="Practice.DataProviderEx" time="0.012" errors="0" timestamp="2023-05-03T16:51:08 IST" skipped="0">
  <testcase classname="Practice.DataProviderEx" name="bookTickets" time="0.001"/>
  <system-out/>
  <testcase classname="Practice.DataProviderEx" name="bookTickets" time="0.002"/>
  <system-out/>
  <testcase classname="Practice.DataProviderEx" name="bookTickets" time="0.009"/>
  <system-out/>
</testsuite> <!-- Practice.DataProviderEx -->
