<?xml version="1.0" encoding="UTF-8"?>
<!-- Generated by org.testng.reporters.JUnitReportReporter -->
<testsuite hostname="LAPTOP-1BCVFIQT" failures="0" tests="3" name="Practice.DataProviderVtiger" time="88.460" errors="0" timestamp="2023-05-04T10:12:32 IST" skipped="0">
  <testcase classname="Practice.DataProviderVtiger" name="companyDetails" time="29.513"/>
  <system-out/>
  <testcase classname="Practice.DataProviderVtiger" name="companyDetails" time="29.203"/>
  <system-out/>
  <testcase classname="Practice.DataProviderVtiger" name="companyDetails" time="29.744"/>
  <system-out/>
</testsuite> <!-- Practice.DataProviderVtiger -->
