<?xml version="1.0" encoding="UTF-8"?>
<!-- Generated by org.testng.reporters.JUnitReportReporter -->
<testsuite hostname="LAPTOP-1BCVFIQT" failures="0" tests="1" name="Practice.DataProviderUsingExcel" time="0.000" errors="0" timestamp="2023-05-04T16:55:35 IST" skipped="1">
  <testcase classname="Practice.DataProviderUsingExcel" name="readData" time="0.000">
    <skipped/>
  </testcase> <!-- readData -->
  <system-out/>
</testsuite> <!-- Practice.DataProviderUsingExcel -->
