<?xml version="1.0" encoding="UTF-8"?>
<!-- Generated by org.testng.reporters.JUnitReportReporter -->
<testsuite hostname="LAPTOP-1BCVFIQT" failures="0" tests="1" name="Practice.CreateContact" time="34.382" errors="0" timestamp="2023-04-28T11:12:50 IST" skipped="0">
  <testcase classname="Practice.CreateContact" name="createContact" time="34.382"/>
  <system-out/>
</testsuite> <!-- Practice.CreateContact -->
