<?xml version="1.0" encoding="UTF-8"?>
<!-- Generated by org.testng.reporters.JUnitReportReporter -->
<testsuite hostname="LAPTOP-1BCVFIQT" failures="0" tests="5" name="Practice.SampleTest" time="0.027" errors="0" timestamp="2023-04-26T17:40:25 IST" skipped="0">
  <testcase classname="Practice.SampleTest" name="createcontact" time="0.004"/>
  <system-out/>
  <testcase classname="Practice.SampleTest" name="createcontact" time="0.002"/>
  <system-out/>
  <testcase classname="Practice.SampleTest" name="Modifycontact" time="0.004"/>
  <system-out/>
  <testcase classname="Practice.SampleTest" name="createcontact" time="0.014"/>
  <system-out/>
  <testcase classname="Practice.SampleTest" name="deletecontact" time="0.003"/>
  <system-out/>
</testsuite> <!-- Practice.SampleTest -->
